#
# There is insufficient memory for the Java Runtime Environment to continue.
# Native memory allocation (mmap) failed to map 268435456 bytes for Failed to commit area from 0x0000000700c00000 to 0x0000000710c00000 of length 268435456.
# Possible reasons:
#   The system is out of physical RAM or swap space
#   The process is running with CompressedOops enabled, and the Java Heap may be blocking the growth of the native heap
# Possible solutions:
#   Reduce memory load on the system
#   Increase physical memory or swap space
#   Check if swap backing store is full
#   Decrease Java heap size (-Xmx/-Xms)
#   Decrease number of Java threads
#   Decrease Java thread stack sizes (-Xss)
#   Set larger code cache with -XX:ReservedCodeCacheSize=
# This output file may be truncated or incomplete.
#
#  Out of Memory Error (./src/hotspot/os/windows/os_windows.cpp:3311), pid=1076, tid=19368
#
# JRE version:  (11.0.13+8) (build )
# Java VM: OpenJDK 64-Bit Server VM (11.0.13+8-LTS, mixed mode, sharing, tiered, compressed oops, g1 gc, windows-amd64)
# No core dump will be written. Minidumps are not enabled by default on client versions of Windows
#

---------------  S U M M A R Y ------------

Command Line: -XX:TieredStopAtLevel=1 -Xverify:none -Dspring.output.ansi.enabled=always -javaagent:C:\Program Files\JetBrains\IntelliJ IDEA 2021.2.2\lib\idea_rt.jar=54266:C:\Program Files\JetBrains\IntelliJ IDEA 2021.2.2\bin -Dcom.sun.management.jmxremote -Dspring.jmx.enabled=true -Dspring.liveBeansView.mbeanDomain -Dspring.application.admin.enabled=true -Dfile.encoding=UTF-8 com.devsuperior.hruser.HrUserApplication

Host: AMD Ryzen 5 3600 6-Core Processor              , 12 cores, 15G,  Windows 10 , 64 bit Build 19041 (10.0.19041.1348)
Time: Sat Dec 11 10:46:34 2021 Hora oficial do Brasil elapsed time: 0.018124 seconds (0d 0h 0m 0s)

---------------  T H R E A D  ---------------

Current thread (0x000001e505e93800):  JavaThread "Unknown thread" [_thread_in_vm, id=19368, stack(0x0000009fb4b00000,0x0000009fb4c00000)]

Stack: [0x0000009fb4b00000,0x0000009fb4c00000]
Native frames: (J=compiled Java code, j=interpreted, Vv=VM code, C=native code)
V  [jvm.dll+0x61ccaa]
V  [jvm.dll+0x7a9839]
V  [jvm.dll+0x7aaeff]
V  [jvm.dll+0x7ab5d3]
V  [jvm.dll+0x24f5d8]
V  [jvm.dll+0x619fba]
V  [jvm.dll+0x60e865]
V  [jvm.dll+0x30710c]
V  [jvm.dll+0x306f92]
V  [jvm.dll+0x30bcb6]
V  [jvm.dll+0x350eaf]
V  [jvm.dll+0x3508e0]
V  [jvm.dll+0x2e4208]
V  [jvm.dll+0x2e5366]
V  [jvm.dll+0x783657]
V  [jvm.dll+0x784ddf]
V  [jvm.dll+0x35dc39]
V  [jvm.dll+0x7665e0]
V  [jvm.dll+0x3cb68f]
V  [jvm.dll+0x3cda21]
C  [jli.dll+0x5207]
C  [ucrtbase.dll+0x21bb2]
C  [KERNEL32.DLL+0x17034]
C  [ntdll.dll+0x52651]


---------------  P R O C E S S  ---------------

Threads class SMR info:
_java_thread_list=0x000001e503c415f0, length=0, elements={
}

Java Threads: ( => current thread )

Other Threads:
  0x000001e505ead000 GCTaskThread "GC Thread#0" [stack: 0x0000009fb4c00000,0x0000009fb4d00000] [id=10112]
  0x000001e505f0a000 ConcurrentGCThread "G1 Main Marker" [stack: 0x0000009fb4d00000,0x0000009fb4e00000] [id=12768]
  0x000001e505f0b800 ConcurrentGCThread "G1 Conc#0" [stack: 0x0000009fb4e00000,0x0000009fb4f00000] [id=17636]

[error occurred during error reporting (printing all threads), id 0xc0000005, EXCEPTION_ACCESS_VIOLATION (0xc0000005) at pc=0x00007ff9363938e7]

VM state:not at safepoint (not fully initialized)

VM Mutex/Monitor currently owned by a thread:  ([mutex/lock_event])
[0x000001e505e8faf0] Heap_lock - owner thread: 0x000001e505e93800

Heap address: 0x0000000700c00000, size: 4084 MB, Compressed Oops mode: Non-zero based: 0x0000000700c00000
Narrow klass base: 0x0000000000000000, Narrow klass shift: 0

GC Heap History (0 events):
No events

Deoptimization events (0 events):
No events

Classes redefined (0 events):
No events

Internal exceptions (0 events):
No events

Events (1 events):
Event: 0.009 Loaded shared library C:\java-libs\java 11\bin\zip.dll


Dynamic libraries:
0x00007ff7c7550000 - 0x00007ff7c755d000 	C:\java-libs\java 11\bin\java.exe
0x00007ff964450000 - 0x00007ff964645000 	C:\Windows\SYSTEM32\ntdll.dll
0x00007ff962820000 - 0x00007ff9628de000 	C:\Windows\System32\KERNEL32.DLL
0x00007ff962070000 - 0x00007ff962338000 	C:\Windows\System32\KERNELBASE.dll
0x00007ff95f3b0000 - 0x00007ff95f440000 	C:\Windows\SYSTEM32\apphelp.dll
0x00007ff961e10000 - 0x00007ff961f10000 	C:\Windows\System32\ucrtbase.dll
0x00007ff958ae0000 - 0x00007ff958af7000 	C:\java-libs\java 11\bin\jli.dll
0x00007ff958ac0000 - 0x00007ff958ad9000 	C:\java-libs\java 11\bin\VCRUNTIME140.dll
0x00007ff962490000 - 0x00007ff962631000 	C:\Windows\System32\USER32.dll
0x00007ff9623d0000 - 0x00007ff9623f2000 	C:\Windows\System32\win32u.dll
0x00007ff950270000 - 0x00007ff95050a000 	C:\Windows\WinSxS\amd64_microsoft.windows.common-controls_6595b64144ccf1df_6.0.19041.1110_none_60b5254171f9507e\COMCTL32.dll
0x00007ff963b90000 - 0x00007ff963bbb000 	C:\Windows\System32\GDI32.dll
0x00007ff961d00000 - 0x00007ff961e0d000 	C:\Windows\System32\gdi32full.dll
0x00007ff963ae0000 - 0x00007ff963b7e000 	C:\Windows\System32\msvcrt.dll
0x00007ff961b60000 - 0x00007ff961bfd000 	C:\Windows\System32\msvcp_win.dll
0x00007ff9641d0000 - 0x00007ff964200000 	C:\Windows\System32\IMM32.DLL
0x00007ff93e9f0000 - 0x00007ff93ea8b000 	C:\java-libs\java 11\bin\msvcp140.dll
0x00007ff9360a0000 - 0x00007ff936c1f000 	C:\java-libs\java 11\bin\server\jvm.dll
0x00007ff9628e0000 - 0x00007ff96298c000 	C:\Windows\System32\ADVAPI32.dll
0x00007ff964200000 - 0x00007ff96429b000 	C:\Windows\System32\sechost.dll
0x00007ff963160000 - 0x00007ff96328a000 	C:\Windows\System32\RPCRT4.dll
0x00007ff963cd0000 - 0x00007ff963cd8000 	C:\Windows\System32\PSAPI.DLL
0x00007ff95e3a0000 - 0x00007ff95e3a9000 	C:\Windows\SYSTEM32\WSOCK32.dll
0x00007ff957210000 - 0x00007ff957237000 	C:\Windows\SYSTEM32\WINMM.dll
0x00007ff95bcf0000 - 0x00007ff95bcfa000 	C:\Windows\SYSTEM32\VERSION.dll
0x00007ff963a70000 - 0x00007ff963adb000 	C:\Windows\System32\WS2_32.dll
0x00007ff95fa30000 - 0x00007ff95fa42000 	C:\Windows\SYSTEM32\kernel.appcore.dll
0x00007ff9589a0000 - 0x00007ff9589b0000 	C:\java-libs\java 11\bin\verify.dll
0x00007ff95b9f0000 - 0x00007ff95bbd4000 	C:\Windows\SYSTEM32\DBGHELP.DLL
0x00007ff9505a0000 - 0x00007ff9505cc000 	C:\Windows\SYSTEM32\dbgcore.DLL
0x00007ff962400000 - 0x00007ff962483000 	C:\Windows\System32\bcryptPrimitives.dll
0x00007ff94a050000 - 0x00007ff94a078000 	C:\java-libs\java 11\bin\java.dll
0x00007ff9512c0000 - 0x00007ff9512ca000 	C:\java-libs\java 11\bin\jimage.dll
0x00007ff94ad20000 - 0x00007ff94ad2e000 	C:\java-libs\java 11\bin\instrument.dll
0x00007ff949ed0000 - 0x00007ff949ee7000 	C:\java-libs\java 11\bin\zip.dll

dbghelp: loaded successfully - version: 4.0.5 - missing functions: none
symbol engine: initialized successfully - sym options: 0x614 - pdb path: .;C:\java-libs\java 11\bin;C:\Windows\SYSTEM32;C:\Windows\WinSxS\amd64_microsoft.windows.common-controls_6595b64144ccf1df_6.0.19041.1110_none_60b5254171f9507e;C:\java-libs\java 11\bin\server

VM Arguments:
jvm_args: -XX:TieredStopAtLevel=1 -Xverify:none -Dspring.output.ansi.enabled=always -javaagent:C:\Program Files\JetBrains\IntelliJ IDEA 2021.2.2\lib\idea_rt.jar=54266:C:\Program Files\JetBrains\IntelliJ IDEA 2021.2.2\bin -Dcom.sun.management.jmxremote -Dspring.jmx.enabled=true -Dspring.liveBeansView.mbeanDomain -Dspring.application.admin.enabled=true -Dfile.encoding=UTF-8 
java_command: com.devsuperior.hruser.HrUserApplication
java_class_path (initial): C:\Users\Gabriel\Desktop\Curso -micro-serviço\hr-user\target\classes;C:\Users\Gabriel\.m2\repository\org\springframework\boot\spring-boot-starter-data-jpa\2.6.1\spring-boot-starter-data-jpa-2.6.1.jar;C:\Users\Gabriel\.m2\repository\org\springframework\boot\spring-boot-starter-aop\2.6.1\spring-boot-starter-aop-2.6.1.jar;C:\Users\Gabriel\.m2\repository\org\springframework\spring-aop\5.3.13\spring-aop-5.3.13.jar;C:\Users\Gabriel\.m2\repository\org\aspectj\aspectjweaver\1.9.7\aspectjweaver-1.9.7.jar;C:\Users\Gabriel\.m2\repository\org\springframework\boot\spring-boot-starter-jdbc\2.6.1\spring-boot-starter-jdbc-2.6.1.jar;C:\Users\Gabriel\.m2\repository\com\zaxxer\HikariCP\4.0.3\HikariCP-4.0.3.jar;C:\Users\Gabriel\.m2\repository\org\springframework\spring-jdbc\5.3.13\spring-jdbc-5.3.13.jar;C:\Users\Gabriel\.m2\repository\jakarta\transaction\jakarta.transaction-api\1.3.3\jakarta.transaction-api-1.3.3.jar;C:\Users\Gabriel\.m2\repository\jakarta\persistence\jakarta.persistence-api\2.2.3\jakarta.persistence-api-2.2.3.jar;C:\Users\Gabriel\.m2\repository\org\hibernate\hibernate-core\5.6.1.Final\hibernate-core-5.6.1.Final.jar;C:\Users\Gabriel\.m2\repository\org\jboss\logging\jboss-logging\3.4.2.Final\jboss-logging-3.4.2.Final.jar;C:\Users\Gabriel\.m2\repository\net\bytebuddy\byte-buddy\1.11.22\byte-buddy-1.11.22.jar;C:\Users\Gabriel\.m2\repository\antlr\antlr\2.7.7\antlr-2.7.7.jar;C:\Users\Gabriel\.m2\repository\org\jboss\jandex\2.2.3.Final\jandex-2.2.3.Final.jar;C:\Users\Gabriel\.m2\repository\com\fasterxml\classmate\1.5.1\classmate-1.5.1.jar;C:\Users\Gabriel\.m2\repository\org\hibernate\common\hibernate-commons-annotations\5.1.2.Final\hibernate-commons-annotations-5.1.2.Final.jar;C:\Users\Gabriel\.m2\repository\org\glassfish\jaxb\jaxb-runtime\2.3.5\jaxb-runtime-2.3.5.jar;C:\Users\Gabriel\.m2\repository\org\glassfish\jaxb\txw2\2.3.5\txw2-2.3.5.jar;C:\Users\Gabriel\.m2\repository\com\sun\istack\istack-commons-runtime\3.0.12\istack-commons-runtime-3.0
Launcher Type: SUN_STANDARD

[Global flags]
     bool BytecodeVerificationLocal                = false                                     {product} {command line}
     bool BytecodeVerificationRemote               = false                                     {product} {command line}
     intx CICompilerCount                          = 4                                         {product} {ergonomic}
     uint ConcGCThreads                            = 3                                         {product} {ergonomic}
     uint G1ConcRefinementThreads                  = 10                                        {product} {ergonomic}
   size_t G1HeapRegionSize                         = 1048576                                   {product} {ergonomic}
    uintx GCDrainStackTargetSize                   = 64                                        {product} {ergonomic}
   size_t InitialHeapSize                          = 268435456                                 {product} {ergonomic}
     bool ManagementServer                         = true                                      {product} {command line}
   size_t MarkStackSize                            = 4194304                                   {product} {ergonomic}
   size_t MaxHeapSize                              = 4282384384                                {product} {ergonomic}
   size_t MinHeapDeltaBytes                        = 1048576                                   {product} {ergonomic}
    uintx NonNMethodCodeHeapSize                   = 7549744                                {pd product} {ergonomic}
    uintx NonProfiledCodeHeapSize                  = 244108496                              {pd product} {ergonomic}
    uintx ProfiledCodeHeapSize                     = 0                                      {pd product} {ergonomic}
    uintx ReservedCodeCacheSize                    = 251658240                              {pd product} {ergonomic}
     bool SegmentedCodeCache                       = true                                      {product} {ergonomic}
     intx TieredStopAtLevel                        = 1                                         {product} {command line}
     bool UseCompressedClassPointers               = true                                 {lp64_product} {ergonomic}
     bool UseCompressedOops                        = true                                 {lp64_product} {ergonomic}
     bool UseG1GC                                  = true                                      {product} {ergonomic}
     bool UseLargePagesIndividualAllocation        = false                                  {pd product} {ergonomic}

Logging:
Log output configuration:
 #0: stdout all=warning uptime,level,tags
 #1: stderr all=off uptime,level,tags

Environment Variables:
JAVA_HOME=C:\java-libs\jdk-17.0.1
PATH=C:\Program Files\Common Files\Oracle\Java\javapath;C:\Windows\system32;C:\Windows;C:\Windows\System32\Wbem;C:\Windows\System32\WindowsPowerShell\v1.0\;C:\Windows\System32\OpenSSH\;C:\Program Files\Docker\Docker\resources\bin;C:\ProgramData\DockerDesktop\version-bin;C:\Program Files\Git\cmd;C:\java-libs\jdk-17.0.1\bin;C:\Users\Gabriel\AppData\Local\Microsoft\WindowsApps;C:\Program Files\JetBrains\IntelliJ IDEA 2021.2.2\bin
USERNAME=Gabriel
OS=Windows_NT
PROCESSOR_IDENTIFIER=AMD64 Family 23 Model 113 Stepping 0, AuthenticAMD



---------------  S Y S T E M  ---------------

OS: Windows 10 , 64 bit Build 19041 (10.0.19041.1348)
OS uptime: 4 days 1:39 hours
Hyper-V role detected

CPU:total 12 (initial active 12) (12 cores per cpu, 2 threads per core) family 23 model 113 stepping 0 microcode 0x0, cmov, cx8, fxsr, mmx, sse, sse2, sse3, ssse3, sse4.1, sse4.2, popcnt, avx, avx2, aes, clmul, mmxext, 3dnowpref, lzcnt, sse4a, ht, tsc, tscinvbit, tscinv, bmi1, bmi2, adx, sha, fma

Memory: 4k page, system-wide physical 16330M (566M free)
TotalPageFile size 65482M (AvailPageFile size 57M)
current process WorkingSet (physical memory assigned to process): 10M, peak: 10M
current process commit charge ("private bytes"): 62M, peak: 318M

vm_info: OpenJDK 64-Bit Server VM (11.0.13+8-LTS) for windows-amd64 JRE (11.0.13+8-LTS), built on Oct 13 2021 21:32:06 by "Administrator" with unknown MS VC++:1916

END.
